Determining if the __GLIBC__ exist failed with the following output:
Change Dir: /Volumes/T7/code/raycast/build/CMakeFiles/CMakeScratch/TryCompile-wkavu3

Run Build Command(s):/usr/bin/make -f Makefile cmTC_2782a/fast && /Applications/Xcode.app/Contents/Developer/usr/bin/make  -f CMakeFiles/cmTC_2782a.dir/build.make CMakeFiles/cmTC_2782a.dir/build
Building C object CMakeFiles/cmTC_2782a.dir/CheckSymbolExists.c.o
/Applications/Xcode.app/Contents/Developer/Toolchains/XcodeDefault.xctoolchain/usr/bin/cc   -arch arm64 -isysroot /Applications/Xcode.app/Contents/Developer/Platforms/MacOSX.platform/Developer/SDKs/MacOSX13.1.sdk -mmacosx-version-min=12.6 -MD -MT CMakeFiles/cmTC_2782a.dir/CheckSymbolExists.c.o -MF CMakeFiles/cmTC_2782a.dir/CheckSymbolExists.c.o.d -o CMakeFiles/cmTC_2782a.dir/CheckSymbolExists.c.o -c /Volumes/T7/code/raycast/build/CMakeFiles/CMakeScratch/TryCompile-wkavu3/CheckSymbolExists.c
/Volumes/T7/code/raycast/build/CMakeFiles/CMakeScratch/TryCompile-wkavu3/CheckSymbolExists.c:8:19: error: use of undeclared identifier '__GLIBC__'
  return ((int*)(&__GLIBC__))[argc];
                  ^
1 error generated.
make[1]: *** [CMakeFiles/cmTC_2782a.dir/CheckSymbolExists.c.o] Error 1
make: *** [cmTC_2782a/fast] Error 2


File CheckSymbolExists.c:
/* */
#include <stdlib.h>

int main(int argc, char** argv)
{
  (void)argv;
#ifndef __GLIBC__
  return ((int*)(&__GLIBC__))[argc];
#else
  (void)argc;
  return 0;
#endif
}
Performing C SOURCE FILE Test CHECK_CPU_ARCHITECTURE_X86 failed with the following output:
Change Dir: /Volumes/T7/code/raycast/build/CMakeFiles/CMakeScratch/TryCompile-LMnSgF

Run Build Command(s):/usr/bin/make -f Makefile cmTC_26f95/fast && /Applications/Xcode.app/Contents/Developer/usr/bin/make  -f CMakeFiles/cmTC_26f95.dir/build.make CMakeFiles/cmTC_26f95.dir/build
Building C object CMakeFiles/cmTC_26f95.dir/src.c.o
/Applications/Xcode.app/Contents/Developer/Toolchains/XcodeDefault.xctoolchain/usr/bin/cc -DCHECK_CPU_ARCHITECTURE_X86  -arch arm64 -isysroot /Applications/Xcode.app/Contents/Developer/Platforms/MacOSX.platform/Developer/SDKs/MacOSX13.1.sdk -mmacosx-version-min=12.6 -MD -MT CMakeFiles/cmTC_26f95.dir/src.c.o -MF CMakeFiles/cmTC_26f95.dir/src.c.o.d -o CMakeFiles/cmTC_26f95.dir/src.c.o -c /Volumes/T7/code/raycast/build/CMakeFiles/CMakeScratch/TryCompile-LMnSgF/src.c
/Volumes/T7/code/raycast/build/CMakeFiles/CMakeScratch/TryCompile-LMnSgF/src.c:6:3: error: use of undeclared identifier 'choke'
  choke
  ^
1 error generated.
make[1]: *** [CMakeFiles/cmTC_26f95.dir/src.c.o] Error 1
make: *** [cmTC_26f95/fast] Error 2


Source file was:

int main(int argc, char *argv[]) {
#if defined(__i386__) || defined(__i486__) || defined(__i586__) || defined(__i686__) ||defined( __i386) || defined(_M_IX86)
  return 0;
#else
  choke
#endif
}


Performing C SOURCE FILE Test CHECK_CPU_ARCHITECTURE_X64 failed with the following output:
Change Dir: /Volumes/T7/code/raycast/build/CMakeFiles/CMakeScratch/TryCompile-NGxUYl

Run Build Command(s):/usr/bin/make -f Makefile cmTC_d3c71/fast && /Applications/Xcode.app/Contents/Developer/usr/bin/make  -f CMakeFiles/cmTC_d3c71.dir/build.make CMakeFiles/cmTC_d3c71.dir/build
Building C object CMakeFiles/cmTC_d3c71.dir/src.c.o
/Applications/Xcode.app/Contents/Developer/Toolchains/XcodeDefault.xctoolchain/usr/bin/cc -DCHECK_CPU_ARCHITECTURE_X64  -arch arm64 -isysroot /Applications/Xcode.app/Contents/Developer/Platforms/MacOSX.platform/Developer/SDKs/MacOSX13.1.sdk -mmacosx-version-min=12.6 -MD -MT CMakeFiles/cmTC_d3c71.dir/src.c.o -MF CMakeFiles/cmTC_d3c71.dir/src.c.o.d -o CMakeFiles/cmTC_d3c71.dir/src.c.o -c /Volumes/T7/code/raycast/build/CMakeFiles/CMakeScratch/TryCompile-NGxUYl/src.c
/Volumes/T7/code/raycast/build/CMakeFiles/CMakeScratch/TryCompile-NGxUYl/src.c:6:3: error: use of undeclared identifier 'choke'
  choke
  ^
1 error generated.
make[1]: *** [CMakeFiles/cmTC_d3c71.dir/src.c.o] Error 1
make: *** [cmTC_d3c71/fast] Error 2


Source file was:

int main(int argc, char *argv[]) {
#if defined(__amd64__) || defined(__amd64) || defined(__x86_64__) || defined(__x86_64) || defined(_M_X64) || defined(_M_AMD64)
  return 0;
#else
  choke
#endif
}


Performing C SOURCE FILE Test CHECK_CPU_ARCHITECTURE_ARM32 failed with the following output:
Change Dir: /Volumes/T7/code/raycast/build/CMakeFiles/CMakeScratch/TryCompile-MRBd99

Run Build Command(s):/usr/bin/make -f Makefile cmTC_eb222/fast && /Applications/Xcode.app/Contents/Developer/usr/bin/make  -f CMakeFiles/cmTC_eb222.dir/build.make CMakeFiles/cmTC_eb222.dir/build
Building C object CMakeFiles/cmTC_eb222.dir/src.c.o
/Applications/Xcode.app/Contents/Developer/Toolchains/XcodeDefault.xctoolchain/usr/bin/cc -DCHECK_CPU_ARCHITECTURE_ARM32  -arch arm64 -isysroot /Applications/Xcode.app/Contents/Developer/Platforms/MacOSX.platform/Developer/SDKs/MacOSX13.1.sdk -mmacosx-version-min=12.6 -MD -MT CMakeFiles/cmTC_eb222.dir/src.c.o -MF CMakeFiles/cmTC_eb222.dir/src.c.o.d -o CMakeFiles/cmTC_eb222.dir/src.c.o -c /Volumes/T7/code/raycast/build/CMakeFiles/CMakeScratch/TryCompile-MRBd99/src.c
/Volumes/T7/code/raycast/build/CMakeFiles/CMakeScratch/TryCompile-MRBd99/src.c:6:3: error: use of undeclared identifier 'choke'
  choke
  ^
1 error generated.
make[1]: *** [CMakeFiles/cmTC_eb222.dir/src.c.o] Error 1
make: *** [cmTC_eb222/fast] Error 2


Source file was:

int main(int argc, char *argv[]) {
#if defined(__arm__) || defined(_M_ARM)
  return 0;
#else
  choke
#endif
}


Performing C SOURCE FILE Test CHECK_CPU_ARCHITECTURE_LOONGARCH64 failed with the following output:
Change Dir: /Volumes/T7/code/raycast/build/CMakeFiles/CMakeScratch/TryCompile-nsXOML

Run Build Command(s):/usr/bin/make -f Makefile cmTC_689f7/fast && /Applications/Xcode.app/Contents/Developer/usr/bin/make  -f CMakeFiles/cmTC_689f7.dir/build.make CMakeFiles/cmTC_689f7.dir/build
Building C object CMakeFiles/cmTC_689f7.dir/src.c.o
/Applications/Xcode.app/Contents/Developer/Toolchains/XcodeDefault.xctoolchain/usr/bin/cc -DCHECK_CPU_ARCHITECTURE_LOONGARCH64  -arch arm64 -isysroot /Applications/Xcode.app/Contents/Developer/Platforms/MacOSX.platform/Developer/SDKs/MacOSX13.1.sdk -mmacosx-version-min=12.6 -MD -MT CMakeFiles/cmTC_689f7.dir/src.c.o -MF CMakeFiles/cmTC_689f7.dir/src.c.o.d -o CMakeFiles/cmTC_689f7.dir/src.c.o -c /Volumes/T7/code/raycast/build/CMakeFiles/CMakeScratch/TryCompile-nsXOML/src.c
/Volumes/T7/code/raycast/build/CMakeFiles/CMakeScratch/TryCompile-nsXOML/src.c:6:3: error: use of undeclared identifier 'choke'
  choke
  ^
1 error generated.
make[1]: *** [CMakeFiles/cmTC_689f7.dir/src.c.o] Error 1
make: *** [cmTC_689f7/fast] Error 2


Source file was:

int main(int argc, char *argv[]) {
#if defined(__loongarch64)
  return 0;
#else
  choke
#endif
}


Performing C SOURCE FILE Test HAVE_GCC_PREFERRED_STACK_BOUNDARY failed with the following output:
Change Dir: /Volumes/T7/code/raycast/build/CMakeFiles/CMakeScratch/TryCompile-Xdaqc4

Run Build Command(s):/usr/bin/make -f Makefile cmTC_4f1f0/fast && /Applications/Xcode.app/Contents/Developer/usr/bin/make  -f CMakeFiles/cmTC_4f1f0.dir/build.make CMakeFiles/cmTC_4f1f0.dir/build
Building C object CMakeFiles/cmTC_4f1f0.dir/src.c.o
/Applications/Xcode.app/Contents/Developer/Toolchains/XcodeDefault.xctoolchain/usr/bin/cc -DHAVE_GCC_PREFERRED_STACK_BOUNDARY  -idirafter "/Volumes/T7/code/raycast/external/SDL/src/video/khronos" -mpreferred-stack-boundary=2 -arch arm64 -isysroot /Applications/Xcode.app/Contents/Developer/Platforms/MacOSX.platform/Developer/SDKs/MacOSX13.1.sdk -mmacosx-version-min=12.6 -MD -MT CMakeFiles/cmTC_4f1f0.dir/src.c.o -MF CMakeFiles/cmTC_4f1f0.dir/src.c.o.d -o CMakeFiles/cmTC_4f1f0.dir/src.c.o -c /Volumes/T7/code/raycast/build/CMakeFiles/CMakeScratch/TryCompile-Xdaqc4/src.c
clang: error: unknown argument: '-mpreferred-stack-boundary=2'
make[1]: *** [CMakeFiles/cmTC_4f1f0.dir/src.c.o] Error 1
make: *** [cmTC_4f1f0/fast] Error 2


Source file was:
int x = 0; int main(int argc, char **argv) { return 0; }

Determining if the include file immintrin.h exists failed with the following output:
Change Dir: /Volumes/T7/code/raycast/build/CMakeFiles/CMakeScratch/TryCompile-OkH5dn

Run Build Command(s):/usr/bin/make -f Makefile cmTC_5d22c/fast && /Applications/Xcode.app/Contents/Developer/usr/bin/make  -f CMakeFiles/cmTC_5d22c.dir/build.make CMakeFiles/cmTC_5d22c.dir/build
Building C object CMakeFiles/cmTC_5d22c.dir/CheckIncludeFile.c.o
/Applications/Xcode.app/Contents/Developer/Toolchains/XcodeDefault.xctoolchain/usr/bin/cc   -idirafter "/Volumes/T7/code/raycast/external/SDL/src/video/khronos"  -arch arm64 -isysroot /Applications/Xcode.app/Contents/Developer/Platforms/MacOSX.platform/Developer/SDKs/MacOSX13.1.sdk -mmacosx-version-min=12.6 -MD -MT CMakeFiles/cmTC_5d22c.dir/CheckIncludeFile.c.o -MF CMakeFiles/cmTC_5d22c.dir/CheckIncludeFile.c.o.d -o CMakeFiles/cmTC_5d22c.dir/CheckIncludeFile.c.o -c /Volumes/T7/code/raycast/build/CMakeFiles/CMakeScratch/TryCompile-OkH5dn/CheckIncludeFile.c
In file included from /Volumes/T7/code/raycast/build/CMakeFiles/CMakeScratch/TryCompile-OkH5dn/CheckIncludeFile.c:1:
/Applications/Xcode.app/Contents/Developer/Toolchains/XcodeDefault.xctoolchain/usr/lib/clang/14.0.0/include/immintrin.h:14:2: error: "This header is only meant to be used on x86 and x64 architecture"
#error "This header is only meant to be used on x86 and x64 architecture"
 ^
In file included from /Volumes/T7/code/raycast/build/CMakeFiles/CMakeScratch/TryCompile-OkH5dn/CheckIncludeFile.c:1:
In file included from /Applications/Xcode.app/Contents/Developer/Toolchains/XcodeDefault.xctoolchain/usr/lib/clang/14.0.0/include/immintrin.h:17:
In file included from /Applications/Xcode.app/Contents/Developer/Toolchains/XcodeDefault.xctoolchain/usr/lib/clang/14.0.0/include/x86gprintrin.h:15:
/Applications/Xcode.app/Contents/Developer/Toolchains/XcodeDefault.xctoolchain/usr/lib/clang/14.0.0/include/hresetintrin.h:42:27: error: invalid input constraint 'a' in asm
  __asm__ ("hreset $0" :: "a"(__eax));
                          ^
In file included from /Volumes/T7/code/raycast/build/CMakeFiles/CMakeScratch/TryCompile-OkH5dn/CheckIncludeFile.c:1:
In file included from /Applications/Xcode.app/Contents/Developer/Toolchains/XcodeDefault.xctoolchain/usr/lib/clang/14.0.0/include/immintrin.h:21:
/Applications/Xcode.app/Contents/Developer/Toolchains/XcodeDefault.xctoolchain/usr/lib/clang/14.0.0/include/mmintrin.h:14:2: error: "This header is only meant to be used on x86 and x64 architecture"
#error "This header is only meant to be used on x86 and x64 architecture"
 ^
/Applications/Xcode.app/Contents/Developer/Toolchains/XcodeDefault.xctoolchain/usr/lib/clang/14.0.0/include/mmintrin.h:54:12: error: invalid conversion between vector type '__m64' (vector of 1 'long long' value) and integer type 'int' of different size
    return (__m64)__builtin_ia32_vec_init_v2si(__i, 0);
           ^~~~~~~~~~~~~~~~~~~~~~~~~~~~~~~~~~~~~~~~~~~
/Applications/Xcode.app/Contents/Developer/Toolchains/XcodeDefault.xctoolchain/usr/lib/clang/14.0.0/include/mmintrin.h:133:12: error: invalid conversion between vector type '__m64' (vector of 1 'long long' value) and integer type 'int' of different size
    return (__m64)__builtin_ia32_packsswb((__v4hi)__m1, (__v4hi)__m2);
           ^~~~~~~~~~~~~~~~~~~~~~~~~~~~~~~~~~~~~~~~~~~~~~~~~~~~~~~~~~
/Applications/Xcode.app/Contents/Developer/Toolchains/XcodeDefault.xctoolchain/usr/lib/clang/14.0.0/include/mmintrin.h:163:12: error: invalid conversion between vector type '__m64' (vector of 1 'long long' value) and integer type 'int' of different size
    return (__m64)__builtin_ia32_packssdw((__v2si)__m1, (__v2si)__m2);
           ^~~~~~~~~~~~~~~~~~~~~~~~~~~~~~~~~~~~~~~~~~~~~~~~~~~~~~~~~~
/Applications/Xcode.app/Contents/Developer/Toolchains/XcodeDefault.xctoolchain/usr/lib/clang/14.0.0/include/mmintrin.h:193:12: error: invalid conversion between vector type '__m64' (vector of 1 'long long' value) and integer type 'int' of different size
    return (__m64)__builtin_ia32_packuswb((__v4hi)__m1, (__v4hi)__m2);
           ^~~~~~~~~~~~~~~~~~~~~~~~~~~~~~~~~~~~~~~~~~~~~~~~~~~~~~~~~~
/Applications/Xcode.app/Contents/Developer/Toolchains/XcodeDefault.xctoolchain/usr/lib/clang/14.0.0/include/mmintrin.h:220:12: error: invalid conversion between vector type '__m64' (vector of 1 'long long' value) and integer type 'int' of different size
    return (__m64)__builtin_ia32_punpckhbw((__v8qi)__m1, (__v8qi)__m2);
           ^~~~~~~~~~~~~~~~~~~~~~~~~~~~~~~~~~~~~~~~~~~~~~~~~~~~~~~~~~~
/Applications/Xcode.app/Contents/Developer/Toolchains/XcodeDefault.xctoolchain/usr/lib/clang/14.0.0/include/mmintrin.h:243:12: error: invalid conversion between vector type '__m64' (vector of 1 'long long' value) and integer type 'int' of different size
    return (__m64)__builtin_ia32_punpckhwd((__v4hi)__m1, (__v4hi)__m2);
           ^~~~~~~~~~~~~~~~~~~~~~~~~~~~~~~~~~~~~~~~~~~~~~~~~~~~~~~~~~~
/Applications/Xcode.app/Contents/Developer/Toolchains/XcodeDefault.xctoolchain/usr/lib/clang/14.0.0/include/mmintrin.h:264:12: error: invalid conversion between vector type '__m64' (vector of 1 'long long' value) and integer type 'int' of different size
    return (__m64)__builtin_ia32_punpckhdq((__v2si)__m1, (__v2si)__m2);
           ^~~~~~~~~~~~~~~~~~~~~~~~~~~~~~~~~~~~~~~~~~~~~~~~~~~~~~~~~~~
/Applications/Xcode.app/Contents/Developer/Toolchains/XcodeDefault.xctoolchain/usr/lib/clang/14.0.0/include/mmintrin.h:291:12: error: invalid conversion between vector type '__m64' (vector of 1 'long long' value) and integer type 'int' of different size
    return (__m64)__builtin_ia32_punpcklbw((__v8qi)__m1, (__v8qi)__m2);
           ^~~~~~~~~~~~~~~~~~~~~~~~~~~~~~~~~~~~~~~~~~~~~~~~~~~~~~~~~~~
/Applications/Xcode.app/Contents/Developer/Toolchains/XcodeDefault.xctoolchain/usr/lib/clang/14.0.0/include/mmintrin.h:314:12: error: invalid conversion between vector type '__m64' (vector of 1 'long long' value) and integer type 'int' of different size
    return (__m64)__builtin_ia32_punpcklwd((__v4hi)__m1, (__v4hi)__m2);
           ^~~~~~~~~~~~~~~~~~~~~~~~~~~~~~~~~~~~~~~~~~~~~~~~~~~~~~~~~~~
/Applications/Xcode.app/Contents/Developer/Toolchains/XcodeDefault.xctoolchain/usr/lib/clang/14.0.0/include/mmintrin.h:335:12: error: invalid conversion between vector type '__m64' (vector of 1 'long long' value) and integer type 'int' of different size
    return (__m64)__builtin_ia32_punpckldq((__v2si)__m1, (__v2si)__m2);
           ^~~~~~~~~~~~~~~~~~~~~~~~~~~~~~~~~~~~~~~~~~~~~~~~~~~~~~~~~~~
/Applications/Xcode.app/Contents/Developer/Toolchains/XcodeDefault.xctoolchain/usr/lib/clang/14.0.0/include/mmintrin.h:356:12: error: invalid conversion between vector type '__m64' (vector of 1 'long long' value) and integer type 'int' of different size
    return (__m64)__builtin_ia32_paddb((__v8qi)__m1, (__v8qi)__m2);
           ^~~~~~~~~~~~~~~~~~~~~~~~~~~~~~~~~~~~~~~~~~~~~~~~~~~~~~~
/Applications/Xcode.app/Contents/Developer/Toolchains/XcodeDefault.xctoolchain/usr/lib/clang/14.0.0/include/mmintrin.h:377:12: error: invalid conversion between vector type '__m64' (vector of 1 'long long' value) and integer type 'int' of different size
    return (__m64)__builtin_ia32_paddw((__v4hi)__m1, (__v4hi)__m2);
           ^~~~~~~~~~~~~~~~~~~~~~~~~~~~~~~~~~~~~~~~~~~~~~~~~~~~~~~
/Applications/Xcode.app/Contents/Developer/Toolchains/XcodeDefault.xctoolchain/usr/lib/clang/14.0.0/include/mmintrin.h:398:12: error: invalid conversion between vector type '__m64' (vector of 1 'long long' value) and integer type 'int' of different size
    return (__m64)__builtin_ia32_paddd((__v2si)__m1, (__v2si)__m2);
           ^~~~~~~~~~~~~~~~~~~~~~~~~~~~~~~~~~~~~~~~~~~~~~~~~~~~~~~
/Applications/Xcode.app/Contents/Developer/Toolchains/XcodeDefault.xctoolchain/usr/lib/clang/14.0.0/include/mmintrin.h:420:12: error: invalid conversion between vector type '__m64' (vector of 1 'long long' value) and integer type 'int' of different size
    return (__m64)__builtin_ia32_paddsb((__v8qi)__m1, (__v8qi)__m2);
           ^~~~~~~~~~~~~~~~~~~~~~~~~~~~~~~~~~~~~~~~~~~~~~~~~~~~~~~~
/Applications/Xcode.app/Contents/Developer/Toolchains/XcodeDefault.xctoolchain/usr/lib/clang/14.0.0/include/mmintrin.h:443:12: error: invalid conversion between vector type '__m64' (vector of 1 'long long' value) and integer type 'int' of different size
    return (__m64)__builtin_ia32_paddsw((__v4hi)__m1, (__v4hi)__m2);
           ^~~~~~~~~~~~~~~~~~~~~~~~~~~~~~~~~~~~~~~~~~~~~~~~~~~~~~~~
/Applications/Xcode.app/Contents/Developer/Toolchains/XcodeDefault.xctoolchain/usr/lib/clang/14.0.0/include/mmintrin.h:465:12: error: invalid conversion between vector type '__m64' (vector of 1 'long long' value) and integer type 'int' of different size
    return (__m64)__builtin_ia32_paddusb((__v8qi)__m1, (__v8qi)__m2);
           ^~~~~~~~~~~~~~~~~~~~~~~~~~~~~~~~~~~~~~~~~~~~~~~~~~~~~~~~~
fatal error: too many errors emitted, stopping now [-ferror-limit=]
20 errors generated.
make[1]: *** [CMakeFiles/cmTC_5d22c.dir/CheckIncludeFile.c.o] Error 1
make: *** [cmTC_5d22c/fast] Error 2



Performing C SOURCE FILE Test HAVE_ALTIVEC_H_HDR failed with the following output:
Change Dir: /Volumes/T7/code/raycast/build/CMakeFiles/CMakeScratch/TryCompile-S9ajCc

Run Build Command(s):/usr/bin/make -f Makefile cmTC_b32f3/fast && /Applications/Xcode.app/Contents/Developer/usr/bin/make  -f CMakeFiles/cmTC_b32f3.dir/build.make CMakeFiles/cmTC_b32f3.dir/build
Building C object CMakeFiles/cmTC_b32f3.dir/src.c.o
/Applications/Xcode.app/Contents/Developer/Toolchains/XcodeDefault.xctoolchain/usr/bin/cc -DHAVE_ALTIVEC_H_HDR  -idirafter "/Volumes/T7/code/raycast/external/SDL/src/video/khronos" -maltivec -arch arm64 -isysroot /Applications/Xcode.app/Contents/Developer/Platforms/MacOSX.platform/Developer/SDKs/MacOSX13.1.sdk -mmacosx-version-min=12.6 -MD -MT CMakeFiles/cmTC_b32f3.dir/src.c.o -MF CMakeFiles/cmTC_b32f3.dir/src.c.o.d -o CMakeFiles/cmTC_b32f3.dir/src.c.o -c /Volumes/T7/code/raycast/build/CMakeFiles/CMakeScratch/TryCompile-S9ajCc/src.c
clang: warning: argument unused during compilation: '-maltivec' [-Wunused-command-line-argument]
In file included from /Volumes/T7/code/raycast/build/CMakeFiles/CMakeScratch/TryCompile-S9ajCc/src.c:2:
/Applications/Xcode.app/Contents/Developer/Toolchains/XcodeDefault.xctoolchain/usr/lib/clang/14.0.0/include/altivec.h:13:2: error: "AltiVec support not enabled"
#error "AltiVec support not enabled"
 ^
/Applications/Xcode.app/Contents/Developer/Toolchains/XcodeDefault.xctoolchain/usr/lib/clang/14.0.0/include/altivec.h:46:19: error: unknown type name 'vector'
static __inline__ vector signed char __ATTRS_o_ai vec_perm(
                  ^
/Applications/Xcode.app/Contents/Developer/Toolchains/XcodeDefault.xctoolchain/usr/lib/clang/14.0.0/include/altivec.h:47:5: error: unknown type name 'vector'
    vector signed char __a, vector signed char __b, vector unsigned char __c);
    ^
/Applications/Xcode.app/Contents/Developer/Toolchains/XcodeDefault.xctoolchain/usr/lib/clang/14.0.0/include/altivec.h:47:29: error: unknown type name 'vector'
    vector signed char __a, vector signed char __b, vector unsigned char __c);
                            ^
/Applications/Xcode.app/Contents/Developer/Toolchains/XcodeDefault.xctoolchain/usr/lib/clang/14.0.0/include/altivec.h:47:53: error: unknown type name 'vector'
    vector signed char __a, vector signed char __b, vector unsigned char __c);
                                                    ^
/Applications/Xcode.app/Contents/Developer/Toolchains/XcodeDefault.xctoolchain/usr/lib/clang/14.0.0/include/altivec.h:49:19: error: unknown type name 'vector'
static __inline__ vector unsigned char __ATTRS_o_ai
                  ^
/Applications/Xcode.app/Contents/Developer/Toolchains/XcodeDefault.xctoolchain/usr/lib/clang/14.0.0/include/altivec.h:50:10: error: unknown type name 'vector'
vec_perm(vector unsigned char __a, vector unsigned char __b,
         ^
/Applications/Xcode.app/Contents/Developer/Toolchains/XcodeDefault.xctoolchain/usr/lib/clang/14.0.0/include/altivec.h:50:36: error: unknown type name 'vector'
vec_perm(vector unsigned char __a, vector unsigned char __b,
                                   ^
/Applications/Xcode.app/Contents/Developer/Toolchains/XcodeDefault.xctoolchain/usr/lib/clang/14.0.0/include/altivec.h:51:10: error: unknown type name 'vector'
         vector unsigned char __c);
         ^
/Applications/Xcode.app/Contents/Developer/Toolchains/XcodeDefault.xctoolchain/usr/lib/clang/14.0.0/include/altivec.h:53:19: error: unknown type name 'vector'
static __inline__ vector bool char __ATTRS_o_ai
                  ^
/Applications/Xcode.app/Contents/Developer/Toolchains/XcodeDefault.xctoolchain/usr/lib/clang/14.0.0/include/altivec.h:53:8: error: 'inline' can only appear on functions
static __inline__ vector bool char __ATTRS_o_ai
       ^
/Applications/Xcode.app/Contents/Developer/Toolchains/XcodeDefault.xctoolchain/usr/lib/clang/14.0.0/include/altivec.h:53:30: error: expected ';' after top level declarator
static __inline__ vector bool char __ATTRS_o_ai
                             ^
/Applications/Xcode.app/Contents/Developer/Toolchains/XcodeDefault.xctoolchain/usr/lib/clang/14.0.0/include/altivec.h:54:10: error: unknown type name 'vector'
vec_perm(vector bool char __a, vector bool char __b, vector unsigned char __c);
         ^
/Applications/Xcode.app/Contents/Developer/Toolchains/XcodeDefault.xctoolchain/usr/lib/clang/14.0.0/include/altivec.h:54:22: error: expected ')'
vec_perm(vector bool char __a, vector bool char __b, vector unsigned char __c);
                     ^
/Applications/Xcode.app/Contents/Developer/Toolchains/XcodeDefault.xctoolchain/usr/lib/clang/14.0.0/include/altivec.h:54:9: note: to match this '('
vec_perm(vector bool char __a, vector bool char __b, vector unsigned char __c);
        ^
/Applications/Xcode.app/Contents/Developer/Toolchains/XcodeDefault.xctoolchain/usr/lib/clang/14.0.0/include/altivec.h:56:19: error: unknown type name 'vector'
static __inline__ vector short __ATTRS_o_ai vec_perm(vector signed short __a,
                  ^
/Applications/Xcode.app/Contents/Developer/Toolchains/XcodeDefault.xctoolchain/usr/lib/clang/14.0.0/include/altivec.h:56:54: error: unknown type name 'vector'
static __inline__ vector short __ATTRS_o_ai vec_perm(vector signed short __a,
                                                     ^
/Applications/Xcode.app/Contents/Developer/Toolchains/XcodeDefault.xctoolchain/usr/lib/clang/14.0.0/include/altivec.h:57:54: error: unknown type name 'vector'
                                                     vector signed short __b,
                                                     ^
/Applications/Xcode.app/Contents/Developer/Toolchains/XcodeDefault.xctoolchain/usr/lib/clang/14.0.0/include/altivec.h:58:54: error: unknown type name 'vector'
                                                     vector unsigned char __c);
                                                     ^
/Applications/Xcode.app/Contents/Developer/Toolchains/XcodeDefault.xctoolchain/usr/lib/clang/14.0.0/include/altivec.h:60:19: error: unknown type name 'vector'
static __inline__ vector unsigned short __ATTRS_o_ai
                  ^
fatal error: too many errors emitted, stopping now [-ferror-limit=]
20 errors generated.
make[1]: *** [CMakeFiles/cmTC_b32f3.dir/src.c.o] Error 1
make: *** [cmTC_b32f3/fast] Error 2


Source file was:

          #include <altivec.h>
          vector unsigned int vzero() {
              return vec_splat_u32(0);
          }
          int main(int argc, char **argv) { return 0; }

Performing C SOURCE FILE Test CPU_SUPPORTS_ALTIVEC failed with the following output:
Change Dir: /Volumes/T7/code/raycast/build/CMakeFiles/CMakeScratch/TryCompile-P2ziq2

Run Build Command(s):/usr/bin/make -f Makefile cmTC_0bda1/fast && /Applications/Xcode.app/Contents/Developer/usr/bin/make  -f CMakeFiles/cmTC_0bda1.dir/build.make CMakeFiles/cmTC_0bda1.dir/build
Building C object CMakeFiles/cmTC_0bda1.dir/src.c.o
/Applications/Xcode.app/Contents/Developer/Toolchains/XcodeDefault.xctoolchain/usr/bin/cc -DCPU_SUPPORTS_ALTIVEC  -idirafter "/Volumes/T7/code/raycast/external/SDL/src/video/khronos" -maltivec -arch arm64 -isysroot /Applications/Xcode.app/Contents/Developer/Platforms/MacOSX.platform/Developer/SDKs/MacOSX13.1.sdk -mmacosx-version-min=12.6 -MD -MT CMakeFiles/cmTC_0bda1.dir/src.c.o -MF CMakeFiles/cmTC_0bda1.dir/src.c.o.d -o CMakeFiles/cmTC_0bda1.dir/src.c.o -c /Volumes/T7/code/raycast/build/CMakeFiles/CMakeScratch/TryCompile-P2ziq2/src.c
clang: warning: argument unused during compilation: '-maltivec' [-Wunused-command-line-argument]
/Volumes/T7/code/raycast/build/CMakeFiles/CMakeScratch/TryCompile-P2ziq2/src.c:2:11: error: unknown type name 'vector'
          vector unsigned int vzero() {
          ^
/Volumes/T7/code/raycast/build/CMakeFiles/CMakeScratch/TryCompile-P2ziq2/src.c:3:22: error: implicit declaration of function 'vec_splat_u32' is invalid in C99 [-Werror,-Wimplicit-function-declaration]
              return vec_splat_u32(0);
                     ^
2 errors generated.
make[1]: *** [CMakeFiles/cmTC_0bda1.dir/src.c.o] Error 1
make: *** [cmTC_0bda1/fast] Error 2


Source file was:

          vector unsigned int vzero() {
              return vec_splat_u32(0);
          }
          int main(int argc, char **argv) { return 0; }

Determining if the include file malloc.h exists failed with the following output:
Change Dir: /Volumes/T7/code/raycast/build/CMakeFiles/CMakeScratch/TryCompile-8KDiO4

Run Build Command(s):/usr/bin/make -f Makefile cmTC_63401/fast && /Applications/Xcode.app/Contents/Developer/usr/bin/make  -f CMakeFiles/cmTC_63401.dir/build.make CMakeFiles/cmTC_63401.dir/build
Building C object CMakeFiles/cmTC_63401.dir/CheckIncludeFile.c.o
/Applications/Xcode.app/Contents/Developer/Toolchains/XcodeDefault.xctoolchain/usr/bin/cc   -idirafter "/Volumes/T7/code/raycast/external/SDL/src/video/khronos"  -arch arm64 -isysroot /Applications/Xcode.app/Contents/Developer/Platforms/MacOSX.platform/Developer/SDKs/MacOSX13.1.sdk -mmacosx-version-min=12.6 -MD -MT CMakeFiles/cmTC_63401.dir/CheckIncludeFile.c.o -MF CMakeFiles/cmTC_63401.dir/CheckIncludeFile.c.o.d -o CMakeFiles/cmTC_63401.dir/CheckIncludeFile.c.o -c /Volumes/T7/code/raycast/build/CMakeFiles/CMakeScratch/TryCompile-8KDiO4/CheckIncludeFile.c
/Volumes/T7/code/raycast/build/CMakeFiles/CMakeScratch/TryCompile-8KDiO4/CheckIncludeFile.c:1:10: fatal error: 'malloc.h' file not found
#include <malloc.h>
         ^~~~~~~~~~
1 error generated.
make[1]: *** [CMakeFiles/cmTC_63401.dir/CheckIncludeFile.c.o] Error 1
make: *** [cmTC_63401/fast] Error 2



Determining if the include file linux/input.h exists failed with the following output:
Change Dir: /Volumes/T7/code/raycast/build/CMakeFiles/CMakeScratch/TryCompile-tzo1qQ

Run Build Command(s):/usr/bin/make -f Makefile cmTC_e168f/fast && /Applications/Xcode.app/Contents/Developer/usr/bin/make  -f CMakeFiles/cmTC_e168f.dir/build.make CMakeFiles/cmTC_e168f.dir/build
Building C object CMakeFiles/cmTC_e168f.dir/CheckIncludeFile.c.o
/Applications/Xcode.app/Contents/Developer/Toolchains/XcodeDefault.xctoolchain/usr/bin/cc   -idirafter "/Volumes/T7/code/raycast/external/SDL/src/video/khronos"  -arch arm64 -isysroot /Applications/Xcode.app/Contents/Developer/Platforms/MacOSX.platform/Developer/SDKs/MacOSX13.1.sdk -mmacosx-version-min=12.6 -MD -MT CMakeFiles/cmTC_e168f.dir/CheckIncludeFile.c.o -MF CMakeFiles/cmTC_e168f.dir/CheckIncludeFile.c.o.d -o CMakeFiles/cmTC_e168f.dir/CheckIncludeFile.c.o -c /Volumes/T7/code/raycast/build/CMakeFiles/CMakeScratch/TryCompile-tzo1qQ/CheckIncludeFile.c
/Volumes/T7/code/raycast/build/CMakeFiles/CMakeScratch/TryCompile-tzo1qQ/CheckIncludeFile.c:1:10: fatal error: 'linux/input.h' file not found
#include <linux/input.h>
         ^~~~~~~~~~~~~~~
1 error generated.
make[1]: *** [CMakeFiles/cmTC_e168f.dir/CheckIncludeFile.c.o] Error 1
make: *** [cmTC_e168f/fast] Error 2



Determining if the _strrev exist failed with the following output:
Change Dir: /Volumes/T7/code/raycast/build/CMakeFiles/CMakeScratch/TryCompile-6NRT7v

Run Build Command(s):/usr/bin/make -f Makefile cmTC_2d1d2/fast && /Applications/Xcode.app/Contents/Developer/usr/bin/make  -f CMakeFiles/cmTC_2d1d2.dir/build.make CMakeFiles/cmTC_2d1d2.dir/build
Building C object CMakeFiles/cmTC_2d1d2.dir/CheckSymbolExists.c.o
/Applications/Xcode.app/Contents/Developer/Toolchains/XcodeDefault.xctoolchain/usr/bin/cc   -idirafter "/Volumes/T7/code/raycast/external/SDL/src/video/khronos"  -arch arm64 -isysroot /Applications/Xcode.app/Contents/Developer/Platforms/MacOSX.platform/Developer/SDKs/MacOSX13.1.sdk -mmacosx-version-min=12.6 -MD -MT CMakeFiles/cmTC_2d1d2.dir/CheckSymbolExists.c.o -MF CMakeFiles/cmTC_2d1d2.dir/CheckSymbolExists.c.o.d -o CMakeFiles/cmTC_2d1d2.dir/CheckSymbolExists.c.o -c /Volumes/T7/code/raycast/build/CMakeFiles/CMakeScratch/TryCompile-6NRT7v/CheckSymbolExists.c
/Volumes/T7/code/raycast/build/CMakeFiles/CMakeScratch/TryCompile-6NRT7v/CheckSymbolExists.c:14:19: error: use of undeclared identifier '_strrev'
  return ((int*)(&_strrev))[argc];
                  ^
1 error generated.
make[1]: *** [CMakeFiles/cmTC_2d1d2.dir/CheckSymbolExists.c.o] Error 1
make: *** [cmTC_2d1d2/fast] Error 2


File CheckSymbolExists.c:
/* */
#include <stddef.h>
#include <stdarg.h>
#include <stdlib.h>
#include <string.h>
#include <stdio.h>
#include <wchar.h>
#include <float.h>

int main(int argc, char** argv)
{
  (void)argv;
#ifndef _strrev
  return ((int*)(&_strrev))[argc];
#else
  (void)argc;
  return 0;
#endif
}
Determining if the _strupr exist failed with the following output:
Change Dir: /Volumes/T7/code/raycast/build/CMakeFiles/CMakeScratch/TryCompile-C0WMze

Run Build Command(s):/usr/bin/make -f Makefile cmTC_290f6/fast && /Applications/Xcode.app/Contents/Developer/usr/bin/make  -f CMakeFiles/cmTC_290f6.dir/build.make CMakeFiles/cmTC_290f6.dir/build
Building C object CMakeFiles/cmTC_290f6.dir/CheckSymbolExists.c.o
/Applications/Xcode.app/Contents/Developer/Toolchains/XcodeDefault.xctoolchain/usr/bin/cc   -idirafter "/Volumes/T7/code/raycast/external/SDL/src/video/khronos"  -arch arm64 -isysroot /Applications/Xcode.app/Contents/Developer/Platforms/MacOSX.platform/Developer/SDKs/MacOSX13.1.sdk -mmacosx-version-min=12.6 -MD -MT CMakeFiles/cmTC_290f6.dir/CheckSymbolExists.c.o -MF CMakeFiles/cmTC_290f6.dir/CheckSymbolExists.c.o.d -o CMakeFiles/cmTC_290f6.dir/CheckSymbolExists.c.o -c /Volumes/T7/code/raycast/build/CMakeFiles/CMakeScratch/TryCompile-C0WMze/CheckSymbolExists.c
/Volumes/T7/code/raycast/build/CMakeFiles/CMakeScratch/TryCompile-C0WMze/CheckSymbolExists.c:14:19: error: use of undeclared identifier '_strupr'
  return ((int*)(&_strupr))[argc];
                  ^
1 error generated.
make[1]: *** [CMakeFiles/cmTC_290f6.dir/CheckSymbolExists.c.o] Error 1
make: *** [cmTC_290f6/fast] Error 2


File CheckSymbolExists.c:
/* */
#include <stddef.h>
#include <stdarg.h>
#include <stdlib.h>
#include <string.h>
#include <stdio.h>
#include <wchar.h>
#include <float.h>

int main(int argc, char** argv)
{
  (void)argv;
#ifndef _strupr
  return ((int*)(&_strupr))[argc];
#else
  (void)argc;
  return 0;
#endif
}
Determining if the _strlwr exist failed with the following output:
Change Dir: /Volumes/T7/code/raycast/build/CMakeFiles/CMakeScratch/TryCompile-s28pxA

Run Build Command(s):/usr/bin/make -f Makefile cmTC_2ae52/fast && /Applications/Xcode.app/Contents/Developer/usr/bin/make  -f CMakeFiles/cmTC_2ae52.dir/build.make CMakeFiles/cmTC_2ae52.dir/build
Building C object CMakeFiles/cmTC_2ae52.dir/CheckSymbolExists.c.o
/Applications/Xcode.app/Contents/Developer/Toolchains/XcodeDefault.xctoolchain/usr/bin/cc   -idirafter "/Volumes/T7/code/raycast/external/SDL/src/video/khronos"  -arch arm64 -isysroot /Applications/Xcode.app/Contents/Developer/Platforms/MacOSX.platform/Developer/SDKs/MacOSX13.1.sdk -mmacosx-version-min=12.6 -MD -MT CMakeFiles/cmTC_2ae52.dir/CheckSymbolExists.c.o -MF CMakeFiles/cmTC_2ae52.dir/CheckSymbolExists.c.o.d -o CMakeFiles/cmTC_2ae52.dir/CheckSymbolExists.c.o -c /Volumes/T7/code/raycast/build/CMakeFiles/CMakeScratch/TryCompile-s28pxA/CheckSymbolExists.c
/Volumes/T7/code/raycast/build/CMakeFiles/CMakeScratch/TryCompile-s28pxA/CheckSymbolExists.c:14:19: error: use of undeclared identifier '_strlwr'
  return ((int*)(&_strlwr))[argc];
                  ^
1 error generated.
make[1]: *** [CMakeFiles/cmTC_2ae52.dir/CheckSymbolExists.c.o] Error 1
make: *** [cmTC_2ae52/fast] Error 2


File CheckSymbolExists.c:
/* */
#include <stddef.h>
#include <stdarg.h>
#include <stdlib.h>
#include <string.h>
#include <stdio.h>
#include <wchar.h>
#include <float.h>

int main(int argc, char** argv)
{
  (void)argv;
#ifndef _strlwr
  return ((int*)(&_strlwr))[argc];
#else
  (void)argc;
  return 0;
#endif
}
Determining if the itoa exist failed with the following output:
Change Dir: /Volumes/T7/code/raycast/build/CMakeFiles/CMakeScratch/TryCompile-TejAuK

Run Build Command(s):/usr/bin/make -f Makefile cmTC_a4a7b/fast && /Applications/Xcode.app/Contents/Developer/usr/bin/make  -f CMakeFiles/cmTC_a4a7b.dir/build.make CMakeFiles/cmTC_a4a7b.dir/build
Building C object CMakeFiles/cmTC_a4a7b.dir/CheckSymbolExists.c.o
/Applications/Xcode.app/Contents/Developer/Toolchains/XcodeDefault.xctoolchain/usr/bin/cc   -idirafter "/Volumes/T7/code/raycast/external/SDL/src/video/khronos"  -arch arm64 -isysroot /Applications/Xcode.app/Contents/Developer/Platforms/MacOSX.platform/Developer/SDKs/MacOSX13.1.sdk -mmacosx-version-min=12.6 -MD -MT CMakeFiles/cmTC_a4a7b.dir/CheckSymbolExists.c.o -MF CMakeFiles/cmTC_a4a7b.dir/CheckSymbolExists.c.o.d -o CMakeFiles/cmTC_a4a7b.dir/CheckSymbolExists.c.o -c /Volumes/T7/code/raycast/build/CMakeFiles/CMakeScratch/TryCompile-TejAuK/CheckSymbolExists.c
/Volumes/T7/code/raycast/build/CMakeFiles/CMakeScratch/TryCompile-TejAuK/CheckSymbolExists.c:14:19: error: use of undeclared identifier 'itoa'
  return ((int*)(&itoa))[argc];
                  ^
1 error generated.
make[1]: *** [CMakeFiles/cmTC_a4a7b.dir/CheckSymbolExists.c.o] Error 1
make: *** [cmTC_a4a7b/fast] Error 2


File CheckSymbolExists.c:
/* */
#include <stddef.h>
#include <stdarg.h>
#include <stdlib.h>
#include <string.h>
#include <stdio.h>
#include <wchar.h>
#include <float.h>

int main(int argc, char** argv)
{
  (void)argv;
#ifndef itoa
  return ((int*)(&itoa))[argc];
#else
  (void)argc;
  return 0;
#endif
}
Determining if the _ltoa exist failed with the following output:
Change Dir: /Volumes/T7/code/raycast/build/CMakeFiles/CMakeScratch/TryCompile-ALce6D

Run Build Command(s):/usr/bin/make -f Makefile cmTC_e6083/fast && /Applications/Xcode.app/Contents/Developer/usr/bin/make  -f CMakeFiles/cmTC_e6083.dir/build.make CMakeFiles/cmTC_e6083.dir/build
Building C object CMakeFiles/cmTC_e6083.dir/CheckSymbolExists.c.o
/Applications/Xcode.app/Contents/Developer/Toolchains/XcodeDefault.xctoolchain/usr/bin/cc   -idirafter "/Volumes/T7/code/raycast/external/SDL/src/video/khronos"  -arch arm64 -isysroot /Applications/Xcode.app/Contents/Developer/Platforms/MacOSX.platform/Developer/SDKs/MacOSX13.1.sdk -mmacosx-version-min=12.6 -MD -MT CMakeFiles/cmTC_e6083.dir/CheckSymbolExists.c.o -MF CMakeFiles/cmTC_e6083.dir/CheckSymbolExists.c.o.d -o CMakeFiles/cmTC_e6083.dir/CheckSymbolExists.c.o -c /Volumes/T7/code/raycast/build/CMakeFiles/CMakeScratch/TryCompile-ALce6D/CheckSymbolExists.c
/Volumes/T7/code/raycast/build/CMakeFiles/CMakeScratch/TryCompile-ALce6D/CheckSymbolExists.c:14:19: error: use of undeclared identifier '_ltoa'
  return ((int*)(&_ltoa))[argc];
                  ^
1 error generated.
make[1]: *** [CMakeFiles/cmTC_e6083.dir/CheckSymbolExists.c.o] Error 1
make: *** [cmTC_e6083/fast] Error 2


File CheckSymbolExists.c:
/* */
#include <stddef.h>
#include <stdarg.h>
#include <stdlib.h>
#include <string.h>
#include <stdio.h>
#include <wchar.h>
#include <float.h>

int main(int argc, char** argv)
{
  (void)argv;
#ifndef _ltoa
  return ((int*)(&_ltoa))[argc];
#else
  (void)argc;
  return 0;
#endif
}
Determining if the _uitoa exist failed with the following output:
Change Dir: /Volumes/T7/code/raycast/build/CMakeFiles/CMakeScratch/TryCompile-6ZsMke

Run Build Command(s):/usr/bin/make -f Makefile cmTC_d87a3/fast && /Applications/Xcode.app/Contents/Developer/usr/bin/make  -f CMakeFiles/cmTC_d87a3.dir/build.make CMakeFiles/cmTC_d87a3.dir/build
Building C object CMakeFiles/cmTC_d87a3.dir/CheckSymbolExists.c.o
/Applications/Xcode.app/Contents/Developer/Toolchains/XcodeDefault.xctoolchain/usr/bin/cc   -idirafter "/Volumes/T7/code/raycast/external/SDL/src/video/khronos"  -arch arm64 -isysroot /Applications/Xcode.app/Contents/Developer/Platforms/MacOSX.platform/Developer/SDKs/MacOSX13.1.sdk -mmacosx-version-min=12.6 -MD -MT CMakeFiles/cmTC_d87a3.dir/CheckSymbolExists.c.o -MF CMakeFiles/cmTC_d87a3.dir/CheckSymbolExists.c.o.d -o CMakeFiles/cmTC_d87a3.dir/CheckSymbolExists.c.o -c /Volumes/T7/code/raycast/build/CMakeFiles/CMakeScratch/TryCompile-6ZsMke/CheckSymbolExists.c
/Volumes/T7/code/raycast/build/CMakeFiles/CMakeScratch/TryCompile-6ZsMke/CheckSymbolExists.c:14:19: error: use of undeclared identifier '_uitoa'
  return ((int*)(&_uitoa))[argc];
                  ^
1 error generated.
make[1]: *** [CMakeFiles/cmTC_d87a3.dir/CheckSymbolExists.c.o] Error 1
make: *** [cmTC_d87a3/fast] Error 2


File CheckSymbolExists.c:
/* */
#include <stddef.h>
#include <stdarg.h>
#include <stdlib.h>
#include <string.h>
#include <stdio.h>
#include <wchar.h>
#include <float.h>

int main(int argc, char** argv)
{
  (void)argv;
#ifndef _uitoa
  return ((int*)(&_uitoa))[argc];
#else
  (void)argc;
  return 0;
#endif
}
Determining if the _ultoa exist failed with the following output:
Change Dir: /Volumes/T7/code/raycast/build/CMakeFiles/CMakeScratch/TryCompile-COcEMG

Run Build Command(s):/usr/bin/make -f Makefile cmTC_39e5c/fast && /Applications/Xcode.app/Contents/Developer/usr/bin/make  -f CMakeFiles/cmTC_39e5c.dir/build.make CMakeFiles/cmTC_39e5c.dir/build
Building C object CMakeFiles/cmTC_39e5c.dir/CheckSymbolExists.c.o
/Applications/Xcode.app/Contents/Developer/Toolchains/XcodeDefault.xctoolchain/usr/bin/cc   -idirafter "/Volumes/T7/code/raycast/external/SDL/src/video/khronos"  -arch arm64 -isysroot /Applications/Xcode.app/Contents/Developer/Platforms/MacOSX.platform/Developer/SDKs/MacOSX13.1.sdk -mmacosx-version-min=12.6 -MD -MT CMakeFiles/cmTC_39e5c.dir/CheckSymbolExists.c.o -MF CMakeFiles/cmTC_39e5c.dir/CheckSymbolExists.c.o.d -o CMakeFiles/cmTC_39e5c.dir/CheckSymbolExists.c.o -c /Volumes/T7/code/raycast/build/CMakeFiles/CMakeScratch/TryCompile-COcEMG/CheckSymbolExists.c
/Volumes/T7/code/raycast/build/CMakeFiles/CMakeScratch/TryCompile-COcEMG/CheckSymbolExists.c:14:19: error: use of undeclared identifier '_ultoa'
  return ((int*)(&_ultoa))[argc];
                  ^
1 error generated.
make[1]: *** [CMakeFiles/cmTC_39e5c.dir/CheckSymbolExists.c.o] Error 1
make: *** [cmTC_39e5c/fast] Error 2


File CheckSymbolExists.c:
/* */
#include <stddef.h>
#include <stdarg.h>
#include <stdlib.h>
#include <string.h>
#include <stdio.h>
#include <wchar.h>
#include <float.h>

int main(int argc, char** argv)
{
  (void)argv;
#ifndef _ultoa
  return ((int*)(&_ultoa))[argc];
#else
  (void)argc;
  return 0;
#endif
}
Determining if the _i64toa exist failed with the following output:
Change Dir: /Volumes/T7/code/raycast/build/CMakeFiles/CMakeScratch/TryCompile-HBNuGd

Run Build Command(s):/usr/bin/make -f Makefile cmTC_9530f/fast && /Applications/Xcode.app/Contents/Developer/usr/bin/make  -f CMakeFiles/cmTC_9530f.dir/build.make CMakeFiles/cmTC_9530f.dir/build
Building C object CMakeFiles/cmTC_9530f.dir/CheckSymbolExists.c.o
/Applications/Xcode.app/Contents/Developer/Toolchains/XcodeDefault.xctoolchain/usr/bin/cc   -idirafter "/Volumes/T7/code/raycast/external/SDL/src/video/khronos"  -arch arm64 -isysroot /Applications/Xcode.app/Contents/Developer/Platforms/MacOSX.platform/Developer/SDKs/MacOSX13.1.sdk -mmacosx-version-min=12.6 -MD -MT CMakeFiles/cmTC_9530f.dir/CheckSymbolExists.c.o -MF CMakeFiles/cmTC_9530f.dir/CheckSymbolExists.c.o.d -o CMakeFiles/cmTC_9530f.dir/CheckSymbolExists.c.o -c /Volumes/T7/code/raycast/build/CMakeFiles/CMakeScratch/TryCompile-HBNuGd/CheckSymbolExists.c
/Volumes/T7/code/raycast/build/CMakeFiles/CMakeScratch/TryCompile-HBNuGd/CheckSymbolExists.c:14:19: error: use of undeclared identifier '_i64toa'
  return ((int*)(&_i64toa))[argc];
                  ^
1 error generated.
make[1]: *** [CMakeFiles/cmTC_9530f.dir/CheckSymbolExists.c.o] Error 1
make: *** [cmTC_9530f/fast] Error 2


File CheckSymbolExists.c:
/* */
#include <stddef.h>
#include <stdarg.h>
#include <stdlib.h>
#include <string.h>
#include <stdio.h>
#include <wchar.h>
#include <float.h>

int main(int argc, char** argv)
{
  (void)argv;
#ifndef _i64toa
  return ((int*)(&_i64toa))[argc];
#else
  (void)argc;
  return 0;
#endif
}
Determining if the _ui64toa exist failed with the following output:
Change Dir: /Volumes/T7/code/raycast/build/CMakeFiles/CMakeScratch/TryCompile-1KN157

Run Build Command(s):/usr/bin/make -f Makefile cmTC_08d1d/fast && /Applications/Xcode.app/Contents/Developer/usr/bin/make  -f CMakeFiles/cmTC_08d1d.dir/build.make CMakeFiles/cmTC_08d1d.dir/build
Building C object CMakeFiles/cmTC_08d1d.dir/CheckSymbolExists.c.o
/Applications/Xcode.app/Contents/Developer/Toolchains/XcodeDefault.xctoolchain/usr/bin/cc   -idirafter "/Volumes/T7/code/raycast/external/SDL/src/video/khronos"  -arch arm64 -isysroot /Applications/Xcode.app/Contents/Developer/Platforms/MacOSX.platform/Developer/SDKs/MacOSX13.1.sdk -mmacosx-version-min=12.6 -MD -MT CMakeFiles/cmTC_08d1d.dir/CheckSymbolExists.c.o -MF CMakeFiles/cmTC_08d1d.dir/CheckSymbolExists.c.o.d -o CMakeFiles/cmTC_08d1d.dir/CheckSymbolExists.c.o -c /Volumes/T7/code/raycast/build/CMakeFiles/CMakeScratch/TryCompile-1KN157/CheckSymbolExists.c
/Volumes/T7/code/raycast/build/CMakeFiles/CMakeScratch/TryCompile-1KN157/CheckSymbolExists.c:14:19: error: use of undeclared identifier '_ui64toa'
  return ((int*)(&_ui64toa))[argc];
                  ^
1 error generated.
make[1]: *** [CMakeFiles/cmTC_08d1d.dir/CheckSymbolExists.c.o] Error 1
make: *** [cmTC_08d1d/fast] Error 2


File CheckSymbolExists.c:
/* */
#include <stddef.h>
#include <stdarg.h>
#include <stdlib.h>
#include <string.h>
#include <stdio.h>
#include <wchar.h>
#include <float.h>

int main(int argc, char** argv)
{
  (void)argv;
#ifndef _ui64toa
  return ((int*)(&_ui64toa))[argc];
#else
  (void)argc;
  return 0;
#endif
}
Determining if the _stricmp exist failed with the following output:
Change Dir: /Volumes/T7/code/raycast/build/CMakeFiles/CMakeScratch/TryCompile-t8PITP

Run Build Command(s):/usr/bin/make -f Makefile cmTC_363b3/fast && /Applications/Xcode.app/Contents/Developer/usr/bin/make  -f CMakeFiles/cmTC_363b3.dir/build.make CMakeFiles/cmTC_363b3.dir/build
Building C object CMakeFiles/cmTC_363b3.dir/CheckSymbolExists.c.o
/Applications/Xcode.app/Contents/Developer/Toolchains/XcodeDefault.xctoolchain/usr/bin/cc   -idirafter "/Volumes/T7/code/raycast/external/SDL/src/video/khronos"  -arch arm64 -isysroot /Applications/Xcode.app/Contents/Developer/Platforms/MacOSX.platform/Developer/SDKs/MacOSX13.1.sdk -mmacosx-version-min=12.6 -MD -MT CMakeFiles/cmTC_363b3.dir/CheckSymbolExists.c.o -MF CMakeFiles/cmTC_363b3.dir/CheckSymbolExists.c.o.d -o CMakeFiles/cmTC_363b3.dir/CheckSymbolExists.c.o -c /Volumes/T7/code/raycast/build/CMakeFiles/CMakeScratch/TryCompile-t8PITP/CheckSymbolExists.c
/Volumes/T7/code/raycast/build/CMakeFiles/CMakeScratch/TryCompile-t8PITP/CheckSymbolExists.c:14:19: error: use of undeclared identifier '_stricmp'
  return ((int*)(&_stricmp))[argc];
                  ^
1 error generated.
make[1]: *** [CMakeFiles/cmTC_363b3.dir/CheckSymbolExists.c.o] Error 1
make: *** [cmTC_363b3/fast] Error 2


File CheckSymbolExists.c:
/* */
#include <stddef.h>
#include <stdarg.h>
#include <stdlib.h>
#include <string.h>
#include <stdio.h>
#include <wchar.h>
#include <float.h>

int main(int argc, char** argv)
{
  (void)argv;
#ifndef _stricmp
  return ((int*)(&_stricmp))[argc];
#else
  (void)argc;
  return 0;
#endif
}
Determining if the _strnicmp exist failed with the following output:
Change Dir: /Volumes/T7/code/raycast/build/CMakeFiles/CMakeScratch/TryCompile-RbQeGX

Run Build Command(s):/usr/bin/make -f Makefile cmTC_043b7/fast && /Applications/Xcode.app/Contents/Developer/usr/bin/make  -f CMakeFiles/cmTC_043b7.dir/build.make CMakeFiles/cmTC_043b7.dir/build
Building C object CMakeFiles/cmTC_043b7.dir/CheckSymbolExists.c.o
/Applications/Xcode.app/Contents/Developer/Toolchains/XcodeDefault.xctoolchain/usr/bin/cc   -idirafter "/Volumes/T7/code/raycast/external/SDL/src/video/khronos"  -arch arm64 -isysroot /Applications/Xcode.app/Contents/Developer/Platforms/MacOSX.platform/Developer/SDKs/MacOSX13.1.sdk -mmacosx-version-min=12.6 -MD -MT CMakeFiles/cmTC_043b7.dir/CheckSymbolExists.c.o -MF CMakeFiles/cmTC_043b7.dir/CheckSymbolExists.c.o.d -o CMakeFiles/cmTC_043b7.dir/CheckSymbolExists.c.o -c /Volumes/T7/code/raycast/build/CMakeFiles/CMakeScratch/TryCompile-RbQeGX/CheckSymbolExists.c
/Volumes/T7/code/raycast/build/CMakeFiles/CMakeScratch/TryCompile-RbQeGX/CheckSymbolExists.c:14:19: error: use of undeclared identifier '_strnicmp'; did you mean 'strncmp'?
  return ((int*)(&_strnicmp))[argc];
                  ^~~~~~~~~
                  strncmp
/Applications/Xcode.app/Contents/Developer/Platforms/MacOSX.platform/Developer/SDKs/MacOSX13.1.sdk/usr/include/string.h:84:6: note: 'strncmp' declared here
int      strncmp(const char *__s1, const char *__s2, size_t __n);
         ^
1 error generated.
make[1]: *** [CMakeFiles/cmTC_043b7.dir/CheckSymbolExists.c.o] Error 1
make: *** [cmTC_043b7/fast] Error 2


File CheckSymbolExists.c:
/* */
#include <stddef.h>
#include <stdarg.h>
#include <stdlib.h>
#include <string.h>
#include <stdio.h>
#include <wchar.h>
#include <float.h>

int main(int argc, char** argv)
{
  (void)argv;
#ifndef _strnicmp
  return ((int*)(&_strnicmp))[argc];
#else
  (void)argc;
  return 0;
#endif
}
Determining if the _wcsdup exist failed with the following output:
Change Dir: /Volumes/T7/code/raycast/build/CMakeFiles/CMakeScratch/TryCompile-I6aVPC

Run Build Command(s):/usr/bin/make -f Makefile cmTC_7fbeb/fast && /Applications/Xcode.app/Contents/Developer/usr/bin/make  -f CMakeFiles/cmTC_7fbeb.dir/build.make CMakeFiles/cmTC_7fbeb.dir/build
Building C object CMakeFiles/cmTC_7fbeb.dir/CheckSymbolExists.c.o
/Applications/Xcode.app/Contents/Developer/Toolchains/XcodeDefault.xctoolchain/usr/bin/cc   -idirafter "/Volumes/T7/code/raycast/external/SDL/src/video/khronos"  -arch arm64 -isysroot /Applications/Xcode.app/Contents/Developer/Platforms/MacOSX.platform/Developer/SDKs/MacOSX13.1.sdk -mmacosx-version-min=12.6 -MD -MT CMakeFiles/cmTC_7fbeb.dir/CheckSymbolExists.c.o -MF CMakeFiles/cmTC_7fbeb.dir/CheckSymbolExists.c.o.d -o CMakeFiles/cmTC_7fbeb.dir/CheckSymbolExists.c.o -c /Volumes/T7/code/raycast/build/CMakeFiles/CMakeScratch/TryCompile-I6aVPC/CheckSymbolExists.c
/Volumes/T7/code/raycast/build/CMakeFiles/CMakeScratch/TryCompile-I6aVPC/CheckSymbolExists.c:14:19: error: use of undeclared identifier '_wcsdup'; did you mean 'wcsdup'?
  return ((int*)(&_wcsdup))[argc];
                  ^~~~~~~
                  wcsdup
/Applications/Xcode.app/Contents/Developer/Platforms/MacOSX.platform/Developer/SDKs/MacOSX13.1.sdk/usr/include/wchar.h:199:10: note: 'wcsdup' declared here
wchar_t *wcsdup(const wchar_t *) __OSX_AVAILABLE_STARTING(__MAC_10_7, __IPHONE_4_3);
         ^
1 error generated.
make[1]: *** [CMakeFiles/cmTC_7fbeb.dir/CheckSymbolExists.c.o] Error 1
make: *** [cmTC_7fbeb/fast] Error 2


File CheckSymbolExists.c:
/* */
#include <stddef.h>
#include <stdarg.h>
#include <stdlib.h>
#include <string.h>
#include <stdio.h>
#include <wchar.h>
#include <float.h>

int main(int argc, char** argv)
{
  (void)argv;
#ifndef _wcsdup
  return ((int*)(&_wcsdup))[argc];
#else
  (void)argc;
  return 0;
#endif
}
Determining if the _wcsicmp exist failed with the following output:
Change Dir: /Volumes/T7/code/raycast/build/CMakeFiles/CMakeScratch/TryCompile-kdc0tD

Run Build Command(s):/usr/bin/make -f Makefile cmTC_c9077/fast && /Applications/Xcode.app/Contents/Developer/usr/bin/make  -f CMakeFiles/cmTC_c9077.dir/build.make CMakeFiles/cmTC_c9077.dir/build
Building C object CMakeFiles/cmTC_c9077.dir/CheckSymbolExists.c.o
/Applications/Xcode.app/Contents/Developer/Toolchains/XcodeDefault.xctoolchain/usr/bin/cc   -idirafter "/Volumes/T7/code/raycast/external/SDL/src/video/khronos"  -arch arm64 -isysroot /Applications/Xcode.app/Contents/Developer/Platforms/MacOSX.platform/Developer/SDKs/MacOSX13.1.sdk -mmacosx-version-min=12.6 -MD -MT CMakeFiles/cmTC_c9077.dir/CheckSymbolExists.c.o -MF CMakeFiles/cmTC_c9077.dir/CheckSymbolExists.c.o.d -o CMakeFiles/cmTC_c9077.dir/CheckSymbolExists.c.o -c /Volumes/T7/code/raycast/build/CMakeFiles/CMakeScratch/TryCompile-kdc0tD/CheckSymbolExists.c
/Volumes/T7/code/raycast/build/CMakeFiles/CMakeScratch/TryCompile-kdc0tD/CheckSymbolExists.c:14:19: error: use of undeclared identifier '_wcsicmp'
  return ((int*)(&_wcsicmp))[argc];
                  ^
1 error generated.
make[1]: *** [CMakeFiles/cmTC_c9077.dir/CheckSymbolExists.c.o] Error 1
make: *** [cmTC_c9077/fast] Error 2


File CheckSymbolExists.c:
/* */
#include <stddef.h>
#include <stdarg.h>
#include <stdlib.h>
#include <string.h>
#include <stdio.h>
#include <wchar.h>
#include <float.h>

int main(int argc, char** argv)
{
  (void)argv;
#ifndef _wcsicmp
  return ((int*)(&_wcsicmp))[argc];
#else
  (void)argc;
  return 0;
#endif
}
Determining if the _wcsnicmp exist failed with the following output:
Change Dir: /Volumes/T7/code/raycast/build/CMakeFiles/CMakeScratch/TryCompile-ldyso0

Run Build Command(s):/usr/bin/make -f Makefile cmTC_7b456/fast && /Applications/Xcode.app/Contents/Developer/usr/bin/make  -f CMakeFiles/cmTC_7b456.dir/build.make CMakeFiles/cmTC_7b456.dir/build
Building C object CMakeFiles/cmTC_7b456.dir/CheckSymbolExists.c.o
/Applications/Xcode.app/Contents/Developer/Toolchains/XcodeDefault.xctoolchain/usr/bin/cc   -idirafter "/Volumes/T7/code/raycast/external/SDL/src/video/khronos"  -arch arm64 -isysroot /Applications/Xcode.app/Contents/Developer/Platforms/MacOSX.platform/Developer/SDKs/MacOSX13.1.sdk -mmacosx-version-min=12.6 -MD -MT CMakeFiles/cmTC_7b456.dir/CheckSymbolExists.c.o -MF CMakeFiles/cmTC_7b456.dir/CheckSymbolExists.c.o.d -o CMakeFiles/cmTC_7b456.dir/CheckSymbolExists.c.o -c /Volumes/T7/code/raycast/build/CMakeFiles/CMakeScratch/TryCompile-ldyso0/CheckSymbolExists.c
/Volumes/T7/code/raycast/build/CMakeFiles/CMakeScratch/TryCompile-ldyso0/CheckSymbolExists.c:14:19: error: use of undeclared identifier '_wcsnicmp'; did you mean 'wcsncmp'?
  return ((int*)(&_wcsnicmp))[argc];
                  ^~~~~~~~~
                  wcsncmp
/Applications/Xcode.app/Contents/Developer/Platforms/MacOSX.platform/Developer/SDKs/MacOSX13.1.sdk/usr/include/wchar.h:134:5: note: 'wcsncmp' declared here
int     wcsncmp(const wchar_t *, const wchar_t *, size_t);
        ^
1 error generated.
make[1]: *** [CMakeFiles/cmTC_7b456.dir/CheckSymbolExists.c.o] Error 1
make: *** [cmTC_7b456/fast] Error 2


File CheckSymbolExists.c:
/* */
#include <stddef.h>
#include <stdarg.h>
#include <stdlib.h>
#include <string.h>
#include <stdio.h>
#include <wchar.h>
#include <float.h>

int main(int argc, char** argv)
{
  (void)argv;
#ifndef _wcsnicmp
  return ((int*)(&_wcsnicmp))[argc];
#else
  (void)argc;
  return 0;
#endif
}
Determining if the fopen64 exist failed with the following output:
Change Dir: /Volumes/T7/code/raycast/build/CMakeFiles/CMakeScratch/TryCompile-2zFWsy

Run Build Command(s):/usr/bin/make -f Makefile cmTC_67d8b/fast && /Applications/Xcode.app/Contents/Developer/usr/bin/make  -f CMakeFiles/cmTC_67d8b.dir/build.make CMakeFiles/cmTC_67d8b.dir/build
Building C object CMakeFiles/cmTC_67d8b.dir/CheckSymbolExists.c.o
/Applications/Xcode.app/Contents/Developer/Toolchains/XcodeDefault.xctoolchain/usr/bin/cc   -idirafter "/Volumes/T7/code/raycast/external/SDL/src/video/khronos"  -arch arm64 -isysroot /Applications/Xcode.app/Contents/Developer/Platforms/MacOSX.platform/Developer/SDKs/MacOSX13.1.sdk -mmacosx-version-min=12.6 -MD -MT CMakeFiles/cmTC_67d8b.dir/CheckSymbolExists.c.o -MF CMakeFiles/cmTC_67d8b.dir/CheckSymbolExists.c.o.d -o CMakeFiles/cmTC_67d8b.dir/CheckSymbolExists.c.o -c /Volumes/T7/code/raycast/build/CMakeFiles/CMakeScratch/TryCompile-2zFWsy/CheckSymbolExists.c
/Volumes/T7/code/raycast/build/CMakeFiles/CMakeScratch/TryCompile-2zFWsy/CheckSymbolExists.c:14:19: error: use of undeclared identifier 'fopen64'; did you mean 'fopen'?
  return ((int*)(&fopen64))[argc];
                  ^~~~~~~
                  fopen
/Applications/Xcode.app/Contents/Developer/Platforms/MacOSX.platform/Developer/SDKs/MacOSX13.1.sdk/usr/include/stdio.h:153:7: note: 'fopen' declared here
FILE    *fopen(const char * __restrict __filename, const char * __restrict __mode) __DARWIN_ALIAS_STARTING(__MAC_10_6, __IPHONE_2_0, __DARWIN_ALIAS(fopen));
         ^
1 error generated.
make[1]: *** [CMakeFiles/cmTC_67d8b.dir/CheckSymbolExists.c.o] Error 1
make: *** [cmTC_67d8b/fast] Error 2


File CheckSymbolExists.c:
/* */
#include <stddef.h>
#include <stdarg.h>
#include <stdlib.h>
#include <string.h>
#include <stdio.h>
#include <wchar.h>
#include <float.h>

int main(int argc, char** argv)
{
  (void)argv;
#ifndef fopen64
  return ((int*)(&fopen64))[argc];
#else
  (void)argc;
  return 0;
#endif
}
Determining if the fseeko64 exist failed with the following output:
Change Dir: /Volumes/T7/code/raycast/build/CMakeFiles/CMakeScratch/TryCompile-tUJWOe

Run Build Command(s):/usr/bin/make -f Makefile cmTC_a12e3/fast && /Applications/Xcode.app/Contents/Developer/usr/bin/make  -f CMakeFiles/cmTC_a12e3.dir/build.make CMakeFiles/cmTC_a12e3.dir/build
Building C object CMakeFiles/cmTC_a12e3.dir/CheckSymbolExists.c.o
/Applications/Xcode.app/Contents/Developer/Toolchains/XcodeDefault.xctoolchain/usr/bin/cc   -idirafter "/Volumes/T7/code/raycast/external/SDL/src/video/khronos"  -arch arm64 -isysroot /Applications/Xcode.app/Contents/Developer/Platforms/MacOSX.platform/Developer/SDKs/MacOSX13.1.sdk -mmacosx-version-min=12.6 -MD -MT CMakeFiles/cmTC_a12e3.dir/CheckSymbolExists.c.o -MF CMakeFiles/cmTC_a12e3.dir/CheckSymbolExists.c.o.d -o CMakeFiles/cmTC_a12e3.dir/CheckSymbolExists.c.o -c /Volumes/T7/code/raycast/build/CMakeFiles/CMakeScratch/TryCompile-tUJWOe/CheckSymbolExists.c
/Volumes/T7/code/raycast/build/CMakeFiles/CMakeScratch/TryCompile-tUJWOe/CheckSymbolExists.c:14:19: error: use of undeclared identifier 'fseeko64'; did you mean 'fseeko'?
  return ((int*)(&fseeko64))[argc];
                  ^~~~~~~~
                  fseeko
/Applications/Xcode.app/Contents/Developer/Platforms/MacOSX.platform/Developer/SDKs/MacOSX13.1.sdk/usr/include/stdio.h:337:6: note: 'fseeko' declared here
int      fseeko(FILE * __stream, off_t __offset, int __whence);
         ^
1 error generated.
make[1]: *** [CMakeFiles/cmTC_a12e3.dir/CheckSymbolExists.c.o] Error 1
make: *** [cmTC_a12e3/fast] Error 2


File CheckSymbolExists.c:
/* */
#include <stddef.h>
#include <stdarg.h>
#include <stdlib.h>
#include <string.h>
#include <stdio.h>
#include <wchar.h>
#include <float.h>

int main(int argc, char** argv)
{
  (void)argv;
#ifndef fseeko64
  return ((int*)(&fseeko64))[argc];
#else
  (void)argc;
  return 0;
#endif
}
Determining if the getauxval exist failed with the following output:
Change Dir: /Volumes/T7/code/raycast/build/CMakeFiles/CMakeScratch/TryCompile-5Cu9QO

Run Build Command(s):/usr/bin/make -f Makefile cmTC_8a349/fast && /Applications/Xcode.app/Contents/Developer/usr/bin/make  -f CMakeFiles/cmTC_8a349.dir/build.make CMakeFiles/cmTC_8a349.dir/build
Building C object CMakeFiles/cmTC_8a349.dir/CheckSymbolExists.c.o
/Applications/Xcode.app/Contents/Developer/Toolchains/XcodeDefault.xctoolchain/usr/bin/cc   -idirafter "/Volumes/T7/code/raycast/external/SDL/src/video/khronos"  -arch arm64 -isysroot /Applications/Xcode.app/Contents/Developer/Platforms/MacOSX.platform/Developer/SDKs/MacOSX13.1.sdk -mmacosx-version-min=12.6 -MD -MT CMakeFiles/cmTC_8a349.dir/CheckSymbolExists.c.o -MF CMakeFiles/cmTC_8a349.dir/CheckSymbolExists.c.o.d -o CMakeFiles/cmTC_8a349.dir/CheckSymbolExists.c.o -c /Volumes/T7/code/raycast/build/CMakeFiles/CMakeScratch/TryCompile-5Cu9QO/CheckSymbolExists.c
/Volumes/T7/code/raycast/build/CMakeFiles/CMakeScratch/TryCompile-5Cu9QO/CheckSymbolExists.c:2:10: fatal error: 'sys/auxv.h' file not found
#include <sys/auxv.h>
         ^~~~~~~~~~~~
1 error generated.
make[1]: *** [CMakeFiles/cmTC_8a349.dir/CheckSymbolExists.c.o] Error 1
make: *** [cmTC_8a349/fast] Error 2


File CheckSymbolExists.c:
/* */
#include <sys/auxv.h>

int main(int argc, char** argv)
{
  (void)argv;
#ifndef getauxval
  return ((int*)(&getauxval))[argc];
#else
  (void)argc;
  return 0;
#endif
}
Determining if the elf_aux_info exist failed with the following output:
Change Dir: /Volumes/T7/code/raycast/build/CMakeFiles/CMakeScratch/TryCompile-VTpQEv

Run Build Command(s):/usr/bin/make -f Makefile cmTC_1368d/fast && /Applications/Xcode.app/Contents/Developer/usr/bin/make  -f CMakeFiles/cmTC_1368d.dir/build.make CMakeFiles/cmTC_1368d.dir/build
Building C object CMakeFiles/cmTC_1368d.dir/CheckSymbolExists.c.o
/Applications/Xcode.app/Contents/Developer/Toolchains/XcodeDefault.xctoolchain/usr/bin/cc   -idirafter "/Volumes/T7/code/raycast/external/SDL/src/video/khronos"  -arch arm64 -isysroot /Applications/Xcode.app/Contents/Developer/Platforms/MacOSX.platform/Developer/SDKs/MacOSX13.1.sdk -mmacosx-version-min=12.6 -MD -MT CMakeFiles/cmTC_1368d.dir/CheckSymbolExists.c.o -MF CMakeFiles/cmTC_1368d.dir/CheckSymbolExists.c.o.d -o CMakeFiles/cmTC_1368d.dir/CheckSymbolExists.c.o -c /Volumes/T7/code/raycast/build/CMakeFiles/CMakeScratch/TryCompile-VTpQEv/CheckSymbolExists.c
/Volumes/T7/code/raycast/build/CMakeFiles/CMakeScratch/TryCompile-VTpQEv/CheckSymbolExists.c:2:10: fatal error: 'sys/auxv.h' file not found
#include <sys/auxv.h>
         ^~~~~~~~~~~~
1 error generated.
make[1]: *** [CMakeFiles/cmTC_1368d.dir/CheckSymbolExists.c.o] Error 1
make: *** [cmTC_1368d/fast] Error 2


File CheckSymbolExists.c:
/* */
#include <sys/auxv.h>

int main(int argc, char** argv)
{
  (void)argv;
#ifndef elf_aux_info
  return ((int*)(&elf_aux_info))[argc];
#else
  (void)argc;
  return 0;
#endif
}
Performing C SOURCE FILE Test HAVE_SEM_TIMEDWAIT failed with the following output:
Change Dir: /Volumes/T7/code/raycast/build/CMakeFiles/CMakeScratch/TryCompile-jX7zO2

Run Build Command(s):/usr/bin/make -f Makefile cmTC_2cafa/fast && /Applications/Xcode.app/Contents/Developer/usr/bin/make  -f CMakeFiles/cmTC_2cafa.dir/build.make CMakeFiles/cmTC_2cafa.dir/build
Building C object CMakeFiles/cmTC_2cafa.dir/src.c.o
/Applications/Xcode.app/Contents/Developer/Toolchains/XcodeDefault.xctoolchain/usr/bin/cc -DHAVE_SEM_TIMEDWAIT  -idirafter "/Volumes/T7/code/raycast/external/SDL/src/video/khronos"  -D_THREAD_SAFE -arch arm64 -isysroot /Applications/Xcode.app/Contents/Developer/Platforms/MacOSX.platform/Developer/SDKs/MacOSX13.1.sdk -mmacosx-version-min=12.6 -MD -MT CMakeFiles/cmTC_2cafa.dir/src.c.o -MF CMakeFiles/cmTC_2cafa.dir/src.c.o.d -o CMakeFiles/cmTC_2cafa.dir/src.c.o -c /Volumes/T7/code/raycast/build/CMakeFiles/CMakeScratch/TryCompile-jX7zO2/src.c
/Volumes/T7/code/raycast/build/CMakeFiles/CMakeScratch/TryCompile-jX7zO2/src.c:5:19: error: implicit declaration of function 'sem_timedwait' is invalid in C99 [-Werror,-Wimplicit-function-declaration]
                  sem_timedwait(NULL, NULL);
                  ^
/Volumes/T7/code/raycast/build/CMakeFiles/CMakeScratch/TryCompile-jX7zO2/src.c:5:19: note: did you mean 'sem_trywait'?
/Applications/Xcode.app/Contents/Developer/Platforms/MacOSX.platform/Developer/SDKs/MacOSX13.1.sdk/usr/include/sys/semaphore.h:58:5: note: 'sem_trywait' declared here
int sem_trywait(sem_t *);
    ^
1 error generated.
make[1]: *** [CMakeFiles/cmTC_2cafa.dir/src.c.o] Error 1
make: *** [cmTC_2cafa/fast] Error 2


Source file was:

              #include <pthread.h>
              #include <semaphore.h>
              int main(int argc, char **argv) {
                  sem_timedwait(NULL, NULL);
                  return 0;
              }

Determining if files pthread_np.h exist failed with the following output:
Change Dir: /Volumes/T7/code/raycast/build/CMakeFiles/CMakeScratch/TryCompile-FoAo81

Run Build Command(s):/usr/bin/make -f Makefile cmTC_9143f/fast && /Applications/Xcode.app/Contents/Developer/usr/bin/make  -f CMakeFiles/cmTC_9143f.dir/build.make CMakeFiles/cmTC_9143f.dir/build
Building C object CMakeFiles/cmTC_9143f.dir/HAVE_PTHREAD_NP_H.c.o
/Applications/Xcode.app/Contents/Developer/Toolchains/XcodeDefault.xctoolchain/usr/bin/cc   -idirafter "/Volumes/T7/code/raycast/external/SDL/src/video/khronos"  -D_THREAD_SAFE -arch arm64 -isysroot /Applications/Xcode.app/Contents/Developer/Platforms/MacOSX.platform/Developer/SDKs/MacOSX13.1.sdk -mmacosx-version-min=12.6 -MD -MT CMakeFiles/cmTC_9143f.dir/HAVE_PTHREAD_NP_H.c.o -MF CMakeFiles/cmTC_9143f.dir/HAVE_PTHREAD_NP_H.c.o.d -o CMakeFiles/cmTC_9143f.dir/HAVE_PTHREAD_NP_H.c.o -c /Volumes/T7/code/raycast/build/CMakeFiles/CMakeScratch/TryCompile-FoAo81/HAVE_PTHREAD_NP_H.c
/Volumes/T7/code/raycast/build/CMakeFiles/CMakeScratch/TryCompile-FoAo81/HAVE_PTHREAD_NP_H.c:2:10: fatal error: 'pthread_np.h' file not found
#include <pthread_np.h>
         ^~~~~~~~~~~~~~
1 error generated.
make[1]: *** [CMakeFiles/cmTC_9143f.dir/HAVE_PTHREAD_NP_H.c.o] Error 1
make: *** [cmTC_9143f/fast] Error 2


Source:
/* */
#include <pthread_np.h>


int main(void){return 0;}

Performing C SOURCE FILE Test HAVE_PTHREAD_SETNAME_NP failed with the following output:
Change Dir: /Volumes/T7/code/raycast/build/CMakeFiles/CMakeScratch/TryCompile-6la7s2

Run Build Command(s):/usr/bin/make -f Makefile cmTC_16c2b/fast && /Applications/Xcode.app/Contents/Developer/usr/bin/make  -f CMakeFiles/cmTC_16c2b.dir/build.make CMakeFiles/cmTC_16c2b.dir/build
Building C object CMakeFiles/cmTC_16c2b.dir/src.c.o
/Applications/Xcode.app/Contents/Developer/Toolchains/XcodeDefault.xctoolchain/usr/bin/cc -DHAVE_PTHREAD_SETNAME_NP  -idirafter "/Volumes/T7/code/raycast/external/SDL/src/video/khronos"  -D_THREAD_SAFE -arch arm64 -isysroot /Applications/Xcode.app/Contents/Developer/Platforms/MacOSX.platform/Developer/SDKs/MacOSX13.1.sdk -mmacosx-version-min=12.6 -MD -MT CMakeFiles/cmTC_16c2b.dir/src.c.o -MF CMakeFiles/cmTC_16c2b.dir/src.c.o.d -o CMakeFiles/cmTC_16c2b.dir/src.c.o -c /Volumes/T7/code/raycast/build/CMakeFiles/CMakeScratch/TryCompile-6la7s2/src.c
/Volumes/T7/code/raycast/build/CMakeFiles/CMakeScratch/TryCompile-6la7s2/src.c:5:50: error: too many arguments to function call, expected 1, have 2
              pthread_setname_np(pthread_self(), "");
              ~~~~~~~~~~~~~~~~~~                 ^~
/Applications/Xcode.app/Contents/Developer/Platforms/MacOSX.platform/Developer/SDKs/MacOSX13.1.sdk/usr/include/pthread.h:535:5: note: 'pthread_setname_np' declared here
int     pthread_setname_np(const char*);
        ^
1 error generated.
make[1]: *** [CMakeFiles/cmTC_16c2b.dir/src.c.o] Error 1
make: *** [cmTC_16c2b/fast] Error 2


Source file was:

            #define _GNU_SOURCE 1
            #include <pthread.h>
            int main(int argc, char **argv) {
              pthread_setname_np(pthread_self(), "");
              return 0;
            }

